
Started Import Process
# System Details: 
Debug Mode 		: Desactivado
Operating System 	: Linux
Software 		: LiteSpeed
MySQL version 		: 11.4.7
XML Reader 		: Sí
PHP Version 		: 8.3.21
PHP Max Input Vars 	: 1000
PHP Max Post Size 	: 512M
PHP Extension GD 	: Sí
PHP Max Execution Time 	: 60
Max Upload Size 	: 512 MB
Memory Limit 		: El límite de memoria actual es 40M. Recomendamos ajustar la memoria a por lo menos 64M.
Timezone 		: 0

-----

Importing Started! - 01:42:07 UTC
---

WHY IMPORT PROCESS CAN FAIL? READ THIS - 
https://wpastra.com/docs/?p=1314&utm_source=demo-import-panel&utm_campaign=import-error&utm_medium=wp-dashboard

---
